TN:
SF:src/app.controller.ts
FN:13,(anonymous_4)
FN:16,(anonymous_5)
FN:22,(anonymous_6)
FNF:3
FNH:2
FNDA:1,(anonymous_4)
FNDA:1,(anonymous_5)
FNDA:0,(anonymous_6)
DA:1,1
DA:8,1
DA:9,1
DA:12,1
DA:13,1
DA:16,1
DA:17,1
DA:22,1
DA:23,0
LF:9
LH:8
BRF:0
BRH:0
end_of_record
TN:
SF:src/app.module.ts
FN:18,(anonymous_1)
FN:31,(anonymous_2)
FN:37,(anonymous_3)
FN:51,(anonymous_4)
FNF:4
FNH:0
FNDA:0,(anonymous_1)
FNDA:0,(anonymous_2)
FNDA:0,(anonymous_3)
FNDA:0,(anonymous_4)
DA:1,0
DA:2,0
DA:3,0
DA:4,0
DA:5,0
DA:6,0
DA:7,0
DA:8,0
DA:9,0
DA:10,0
DA:11,0
DA:12,0
DA:13,0
DA:15,0
DA:18,0
DA:28,0
DA:32,0
DA:35,0
DA:36,0
DA:37,0
DA:38,0
DA:42,0
DA:52,0
DA:67,0
LF:24
LH:0
BRDA:36,0,0,0
BRF:1
BRH:0
end_of_record
TN:
SF:src/app.service.ts
FN:9,(anonymous_1)
FN:12,(anonymous_2)
FN:26,(anonymous_3)
FN:30,(anonymous_4)
FNF:4
FNH:1
FNDA:0,(anonymous_1)
FNDA:0,(anonymous_2)
FNDA:1,(anonymous_3)
FNDA:0,(anonymous_4)
DA:1,1
DA:2,1
DA:3,1
DA:4,1
DA:7,1
DA:10,0
DA:13,0
DA:14,0
DA:27,1
DA:31,0
DA:32,0
DA:33,0
DA:35,0
DA:36,0
DA:37,0
DA:38,0
DA:39,0
DA:40,0
DA:41,0
DA:42,0
LF:20
LH:6
BRF:0
BRH:0
end_of_record
TN:
SF:src/main.ts
FN:6,bootstrap
FNF:1
FNH:0
FNDA:0,bootstrap
DA:1,0
DA:2,0
DA:3,0
DA:4,0
DA:7,0
DA:8,0
DA:15,0
DA:26,0
DA:28,0
DA:29,0
DA:31,0
DA:33,0
LF:12
LH:0
BRF:0
BRH:0
end_of_record
TN:
SF:src/__test__/app.e2e-spec.ts
FN:11,(anonymous_0)
FN:14,(anonymous_1)
FN:24,(anonymous_2)
FN:28,(anonymous_3)
FN:35,(anonymous_4)
FN:36,(anonymous_5)
FN:45,(anonymous_6)
FN:48,(anonymous_7)
FN:54,(anonymous_8)
FN:63,(anonymous_9)
FN:68,(anonymous_10)
FN:77,(anonymous_11)
FN:82,(anonymous_12)
FN:91,(anonymous_13)
FN:97,(anonymous_14)
FN:99,(anonymous_15)
FN:108,(anonymous_16)
FN:113,(anonymous_17)
FN:116,(anonymous_18)
FN:122,(anonymous_19)
FN:128,(anonymous_20)
FN:144,(anonymous_21)
FN:149,(anonymous_22)
FN:169,(anonymous_23)
FN:179,(anonymous_24)
FN:182,(anonymous_25)
FNF:26
FNH:0
FNDA:0,(anonymous_0)
FNDA:0,(anonymous_1)
FNDA:0,(anonymous_2)
FNDA:0,(anonymous_3)
FNDA:0,(anonymous_4)
FNDA:0,(anonymous_5)
FNDA:0,(anonymous_6)
FNDA:0,(anonymous_7)
FNDA:0,(anonymous_8)
FNDA:0,(anonymous_9)
FNDA:0,(anonymous_10)
FNDA:0,(anonymous_11)
FNDA:0,(anonymous_12)
FNDA:0,(anonymous_13)
FNDA:0,(anonymous_14)
FNDA:0,(anonymous_15)
FNDA:0,(anonymous_16)
FNDA:0,(anonymous_17)
FNDA:0,(anonymous_18)
FNDA:0,(anonymous_19)
FNDA:0,(anonymous_20)
FNDA:0,(anonymous_21)
FNDA:0,(anonymous_22)
FNDA:0,(anonymous_23)
FNDA:0,(anonymous_24)
FNDA:0,(anonymous_25)
DA:1,0
DA:2,0
DA:3,0
DA:4,0
DA:6,0
DA:7,0
DA:8,0
DA:11,0
DA:14,0
DA:15,0
DA:19,0
DA:20,0
DA:21,0
DA:24,0
DA:25,0
DA:28,0
DA:29,0
DA:35,0
DA:36,0
DA:37,0
DA:41,0
DA:46,0
DA:49,0
DA:50,0
DA:54,0
DA:55,0
DA:59,0
DA:64,0
DA:68,0
DA:69,0
DA:73,0
DA:78,0
DA:82,0
DA:83,0
DA:87,0
DA:92,0
DA:97,0
DA:99,0
DA:100,0
DA:104,0
DA:109,0
DA:110,0
DA:113,0
DA:114,0
DA:116,0
DA:117,0
DA:118,0
DA:122,0
DA:123,0
DA:124,0
DA:129,0
DA:130,0
DA:131,0
DA:132,0
DA:133,0
DA:134,0
DA:135,0
DA:136,0
DA:137,0
DA:145,0
DA:146,0
DA:149,0
DA:150,0
DA:152,0
DA:153,0
DA:154,0
DA:155,0
DA:163,0
DA:165,0
DA:169,0
DA:170,0
DA:174,0
DA:180,0
DA:183,0
DA:184,0
LF:75
LH:0
BRF:0
BRH:0
end_of_record
TN:
SF:src/database/database.module.ts
FN:21,(anonymous_1)
FNF:1
FNH:0
FNDA:0,(anonymous_1)
DA:1,0
DA:2,0
DA:3,0
DA:4,0
DA:5,0
DA:6,0
DA:7,0
DA:8,0
DA:9,0
DA:10,0
DA:11,0
DA:12,0
DA:14,0
DA:22,0
DA:25,0
DA:34,0
DA:35,0
DA:49,0
LF:18
LH:0
BRF:0
BRH:0
end_of_record
TN:
SF:src/database/transaction.base.ts
FN:11,(anonymous_2)
FN:18,(anonymous_3)
FN:22,(anonymous_4)
FN:40,(anonymous_5)
FNF:4
FNH:0
FNDA:0,(anonymous_2)
FNDA:0,(anonymous_3)
FNDA:0,(anonymous_4)
FNDA:0,(anonymous_5)
DA:1,1
DA:2,1
DA:10,1
DA:11,0
DA:19,0
DA:23,0
DA:25,0
DA:26,0
DA:28,0
DA:29,0
DA:30,0
DA:31,0
DA:33,0
DA:34,0
DA:36,0
DA:44,0
LF:16
LH:3
BRF:0
BRH:0
end_of_record
TN:
SF:src/database/column/attachment.column.ts
FNF:0
FNH:0
DA:1,4
LF:1
LH:1
BRF:0
BRH:0
end_of_record
TN:
SF:src/database/column/default.ts
FNF:0
FNH:0
DA:1,4
LF:1
LH:1
BRF:0
BRH:0
end_of_record
TN:
SF:src/database/column/letter.attachment.column.ts
FNF:0
FNH:0
DA:1,4
LF:1
LH:1
BRF:0
BRH:0
end_of_record
TN:
SF:src/database/column/letter.category.column.ts
FNF:0
FNH:0
DA:1,4
LF:1
LH:1
BRF:0
BRH:0
end_of_record
TN:
SF:src/database/column/letter.column.ts
FNF:0
FNH:0
DA:1,4
LF:1
LH:1
BRF:0
BRH:0
end_of_record
TN:
SF:src/database/column/letter.comment.column.ts
FNF:0
FNH:0
DA:1,4
LF:1
LH:1
BRF:0
BRH:0
end_of_record
TN:
SF:src/database/column/letter.total.column.ts
FNF:0
FNH:0
DA:1,4
LF:1
LH:1
BRF:0
BRH:0
end_of_record
TN:
SF:src/database/column/user.column.ts
FNF:0
FNH:0
DA:1,4
LF:1
LH:1
BRF:0
BRH:0
end_of_record
TN:
SF:src/database/datasource/letter.datasource.ts
FN:3,(anonymous_0)
FNF:1
FNH:0
FNDA:0,(anonymous_0)
DA:1,0
DA:3,0
DA:12,0
LF:3
LH:0
BRF:0
BRH:0
end_of_record
TN:
SF:src/database/entity/attachment.ts
FN:14,(anonymous_2)
FN:15,(anonymous_3)
FNF:2
FNH:2
FNDA:1,(anonymous_2)
FNDA:1,(anonymous_3)
DA:1,4
DA:2,4
DA:3,4
DA:6,4
DA:8,4
DA:11,4
DA:14,1
DA:15,1
DA:18,4
LF:9
LH:9
BRF:0
BRH:0
end_of_record
TN:
SF:src/database/entity/default.ts
FNF:0
FNH:0
DA:1,4
DA:2,4
DA:3,4
DA:5,4
DA:12,4
DA:15,4
DA:18,4
DA:21,4
DA:24,4
LF:9
LH:9
BRDA:8,0,0,4
BRDA:8,0,1,0
BRF:2
BRH:1
end_of_record
TN:
SF:src/database/entity/letter.attachment.ts
FN:59,(anonymous_2)
FN:63,(anonymous_3)
FNF:2
FNH:2
FNDA:1,(anonymous_2)
FNDA:1,(anonymous_3)
DA:1,4
DA:2,4
DA:3,4
DA:4,4
DA:5,4
DA:6,4
DA:7,4
DA:8,4
DA:11,4
DA:13,4
DA:20,4
DA:28,4
DA:30,4
DA:32,4
DA:39,4
DA:46,4
DA:54,4
DA:57,4
DA:59,1
DA:61,4
DA:63,1
DA:65,4
LF:22
LH:22
BRDA:17,0,0,4
BRDA:17,0,1,0
BRF:2
BRH:1
end_of_record
TN:
SF:src/database/entity/letter.cateogry.ts
FN:23,(anonymous_2)
FN:23,(anonymous_3)
FNF:2
FNH:2
FNDA:1,(anonymous_2)
FNDA:1,(anonymous_3)
DA:1,4
DA:2,4
DA:3,4
DA:4,4
DA:5,4
DA:8,4
DA:14,4
DA:21,4
DA:23,1
DA:26,4
LF:10
LH:10
BRDA:11,0,0,4
BRDA:11,0,1,0
BRF:2
BRH:1
end_of_record
TN:
SF:src/database/entity/letter.comment.ts
FN:36,(anonymous_2)
FNF:1
FNH:1
FNDA:1,(anonymous_2)
DA:1,4
DA:8,4
DA:9,4
DA:10,4
DA:13,4
DA:15,4
DA:18,4
DA:26,4
DA:34,4
DA:36,1
DA:38,4
LF:11
LH:11
BRF:0
BRH:0
end_of_record
TN:
SF:src/database/entity/letter.total.ts
FN:21,(anonymous_2)
FNF:1
FNH:1
FNDA:1,(anonymous_2)
DA:1,4
DA:2,4
DA:3,4
DA:4,4
DA:5,4
DA:8,4
DA:10,4
DA:13,4
DA:16,4
DA:19,4
DA:21,1
DA:22,4
LF:12
LH:12
BRF:0
BRH:0
end_of_record
TN:
SF:src/database/entity/letter.ts
FN:78,(anonymous_2)
FN:82,(anonymous_3)
FN:87,(anonymous_4)
FN:88,(anonymous_5)
FN:94,(anonymous_6)
FN:95,(anonymous_7)
FN:100,(anonymous_8)
FNF:7
FNH:7
FNDA:1,(anonymous_2)
FNDA:1,(anonymous_3)
FNDA:1,(anonymous_4)
FNDA:1,(anonymous_5)
FNDA:1,(anonymous_6)
FNDA:1,(anonymous_7)
FNDA:1,(anonymous_8)
DA:1,4
DA:10,4
DA:11,4
DA:12,4
DA:13,4
DA:14,4
DA:15,4
DA:16,4
DA:17,4
DA:18,4
DA:19,4
DA:20,4
DA:23,4
DA:28,4
DA:34,4
DA:42,4
DA:50,4
DA:58,4
DA:67,4
DA:76,4
DA:78,1
DA:80,4
DA:82,1
DA:84,4
DA:87,1
DA:88,1
DA:91,4
DA:94,1
DA:95,1
DA:98,4
DA:100,1
DA:101,4
LF:32
LH:32
BRDA:31,0,0,4
BRDA:31,0,1,0
BRDA:38,1,0,4
BRDA:38,1,1,0
BRDA:62,2,0,4
BRDA:62,2,1,0
BRDA:71,3,0,4
BRDA:71,3,1,0
BRF:8
BRH:4
end_of_record
TN:
SF:src/database/entity/user.ts
FN:19,(anonymous_2)
FN:19,(anonymous_3)
FNF:2
FNH:2
FNDA:1,(anonymous_2)
FNDA:1,(anonymous_3)
DA:1,4
DA:2,4
DA:3,4
DA:4,4
DA:7,4
DA:9,4
DA:12,4
DA:15,4
DA:18,4
DA:19,1
DA:20,4
LF:11
LH:11
BRF:0
BRH:0
end_of_record
TN:
SF:src/database/repository/attachment.ts
FN:7,(anonymous_4)
FN:12,(anonymous_5)
FN:28,(anonymous_6)
FN:36,(anonymous_7)
FN:48,(anonymous_8)
FNF:5
FNH:0
FNDA:0,(anonymous_4)
FNDA:0,(anonymous_5)
FNDA:0,(anonymous_6)
FNDA:0,(anonymous_7)
FNDA:0,(anonymous_8)
DA:1,0
DA:2,0
DA:3,0
DA:6,0
DA:9,0
DA:18,0
DA:19,0
DA:32,0
DA:33,0
DA:40,0
DA:41,0
DA:49,0
DA:50,0
LF:13
LH:0
BRDA:49,0,0,0
BRDA:50,1,0,0
BRDA:50,1,1,0
BRF:3
BRH:0
end_of_record
TN:
SF:src/database/repository/letter.ts
FN:18,(anonymous_4)
FN:25,(anonymous_5)
FN:59,(anonymous_6)
FN:92,(anonymous_7)
FN:97,(anonymous_8)
FN:109,(anonymous_9)
FNF:6
FNH:0
FNDA:0,(anonymous_4)
FNDA:0,(anonymous_5)
FNDA:0,(anonymous_6)
FNDA:0,(anonymous_7)
FNDA:0,(anonymous_8)
FNDA:0,(anonymous_9)
DA:1,1
DA:2,1
DA:3,1
DA:4,1
DA:5,1
DA:11,1
DA:12,1
DA:13,1
DA:14,1
DA:17,1
DA:20,0
DA:22,0
DA:34,0
DA:38,0
DA:63,0
DA:67,0
DA:93,0
DA:94,0
DA:101,0
DA:102,0
DA:113,0
DA:114,0
DA:117,0
DA:118,0
LF:24
LH:10
BRDA:113,0,0,0
BRDA:114,1,0,0
BRDA:114,1,1,0
BRDA:117,2,0,0
BRDA:118,3,0,0
BRDA:118,3,1,0
BRF:6
BRH:0
end_of_record
TN:
SF:src/database/repository/user.ts
FN:10,(anonymous_4)
FN:14,(anonymous_5)
FN:23,(anonymous_6)
FN:36,(anonymous_7)
FN:45,(anonymous_8)
FNF:5
FNH:4
FNDA:1,(anonymous_4)
FNDA:0,(anonymous_5)
FNDA:2,(anonymous_6)
FNDA:2,(anonymous_7)
FNDA:4,(anonymous_8)
DA:1,3
DA:2,3
DA:3,3
DA:4,3
DA:6,3
DA:9,3
DA:11,1
DA:15,0
DA:16,0
DA:27,2
DA:28,2
DA:37,2
DA:38,2
DA:46,4
DA:47,4
LF:15
LH:13
BRDA:46,0,0,4
BRDA:47,1,0,0
BRDA:47,1,1,4
BRF:3
BRH:2
end_of_record
TN:
SF:src/database/repository/param/attachment.ts
FNF:0
FNH:0
DA:2,0
DA:6,0
DA:13,0
LF:3
LH:0
BRF:0
BRH:0
end_of_record
TN:
SF:src/database/repository/param/default.ts
FNF:0
FNH:0
DA:3,0
LF:1
LH:0
BRF:0
BRH:0
end_of_record
TN:
SF:src/database/repository/param/letter.ts
FNF:0
FNH:0
DA:2,0
DA:24,0
DA:33,0
DA:36,0
LF:4
LH:0
BRF:0
BRH:0
end_of_record
TN:
SF:src/database/repository/param/user.ts
FNF:0
FNH:0
DA:2,0
DA:4,0
DA:9,0
LF:3
LH:0
BRF:0
BRH:0
end_of_record
TN:
SF:src/domain/auth/auth.controller.ts
FN:18,(anonymous_4)
FN:24,(anonymous_5)
FN:39,(anonymous_6)
FN:55,(anonymous_7)
FN:66,(anonymous_8)
FNF:5
FNH:0
FNDA:0,(anonymous_4)
FNDA:0,(anonymous_5)
FNDA:0,(anonymous_6)
FNDA:0,(anonymous_7)
FNDA:0,(anonymous_8)
DA:1,0
DA:10,0
DA:11,0
DA:12,0
DA:14,0
DA:17,0
DA:18,0
DA:24,0
DA:28,0
DA:29,0
DA:30,0
DA:39,0
DA:43,0
DA:44,0
DA:45,0
DA:55,0
DA:56,0
DA:66,0
DA:67,0
LF:19
LH:0
BRF:0
BRH:0
end_of_record
TN:
SF:src/domain/auth/auth.module.ts
FN:19,(anonymous_1)
FN:27,(anonymous_2)
FN:43,(anonymous_3)
FNF:3
FNH:0
FNDA:0,(anonymous_1)
FNDA:0,(anonymous_2)
FNDA:0,(anonymous_3)
DA:1,0
DA:2,0
DA:3,0
DA:4,0
DA:5,0
DA:6,0
DA:7,0
DA:8,0
DA:18,0
DA:20,0
DA:28,0
DA:29,0
DA:44,0
DA:45,0
LF:14
LH:0
BRDA:26,0,0,0
BRDA:26,0,1,0
BRDA:47,1,0,0
BRDA:47,1,1,0
BRF:4
BRH:0
end_of_record
TN:
SF:src/domain/auth/auth.service.ts
FN:7,(anonymous_2)
FN:12,(anonymous_3)
FN:19,(anonymous_4)
FN:24,(anonymous_5)
FNF:4
FNH:4
FNDA:3,(anonymous_2)
FNDA:2,(anonymous_3)
FNDA:1,(anonymous_4)
FNDA:2,(anonymous_5)
DA:1,1
DA:2,1
DA:3,1
DA:6,1
DA:8,3
DA:9,3
DA:13,2
DA:14,2
DA:15,1
DA:16,1
DA:20,1
DA:21,1
DA:25,2
DA:26,2
LF:14
LH:14
BRDA:14,0,0,1
BRF:1
BRH:1
end_of_record
TN:
SF:src/domain/auth/dto/sign.ts
FNF:0
FNH:0
DA:1,0
DA:2,0
DA:4,0
DA:8,0
DA:13,0
LF:5
LH:0
BRF:0
BRH:0
end_of_record
TN:
SF:src/domain/dto/env.ts
FN:55,(anonymous_2)
FN:72,(anonymous_3)
FNF:2
FNH:2
FNDA:8,(anonymous_2)
FNDA:8,(anonymous_3)
DA:1,2
DA:2,2
DA:4,2
DA:9,2
DA:13,2
DA:17,2
DA:21,2
DA:25,2
DA:29,2
DA:33,2
DA:37,2
DA:41,2
DA:45,2
DA:49,2
DA:53,2
DA:55,8
DA:58,2
DA:62,2
DA:66,2
DA:70,2
DA:72,8
DA:75,2
DA:79,2
DA:83,2
DA:87,2
LF:25
LH:25
BRF:0
BRH:0
end_of_record
TN:
SF:src/domain/dto/response.ts
FNF:0
FNH:0
DA:1,0
DA:8,0
DA:14,0
DA:17,0
DA:22,0
DA:28,0
DA:35,0
LF:7
LH:0
BRF:0
BRH:0
end_of_record
TN:
SF:src/domain/letter/letter.controller.ts
FN:28,(anonymous_4)
FN:40,(anonymous_5)
FN:64,(anonymous_6)
FN:84,(anonymous_7)
FN:102,(anonymous_8)
FNF:5
FNH:0
FNDA:0,(anonymous_4)
FNDA:0,(anonymous_5)
FNDA:0,(anonymous_6)
FNDA:0,(anonymous_7)
FNDA:0,(anonymous_8)
DA:1,0
DA:13,0
DA:14,0
DA:15,0
DA:16,0
DA:17,0
DA:18,0
DA:19,0
DA:20,0
DA:21,0
DA:22,0
DA:23,0
DA:24,0
DA:27,0
DA:28,0
DA:40,0
DA:44,0
DA:64,0
DA:68,0
DA:84,0
DA:88,0
DA:102,0
DA:105,0
LF:23
LH:0
BRF:0
BRH:0
end_of_record
TN:
SF:src/domain/letter/letter.module.ts
FNF:0
FNH:0
DA:1,0
DA:2,0
DA:3,0
DA:4,0
DA:5,0
DA:7,0
DA:13,0
LF:7
LH:0
BRF:0
BRH:0
end_of_record
TN:
SF:src/domain/letter/dto/request/add.letter.ts
FNF:0
FNH:0
DA:1,0
DA:2,0
DA:11,0
DA:15,0
DA:20,0
DA:25,0
DA:29,0
DA:33,0
LF:8
LH:0
BRF:0
BRH:0
end_of_record
TN:
SF:src/domain/letter/dto/request/get.detail.ts
FN:7,(anonymous_2)
FNF:1
FNH:0
FNDA:0,(anonymous_2)
DA:1,0
DA:2,0
DA:3,0
DA:5,0
DA:7,0
DA:10,0
LF:6
LH:0
BRF:0
BRH:0
end_of_record
TN:
SF:src/domain/letter/dto/request/get.page.ts
FNF:0
FNH:0
DA:1,0
DA:2,0
DA:4,0
DA:11,0
DA:20,0
LF:5
LH:0
BRF:0
BRH:0
end_of_record
TN:
SF:src/domain/letter/dto/request/prepare.ts
FN:10,(anonymous_2)
FNF:1
FNH:0
FNDA:0,(anonymous_2)
DA:1,0
DA:2,0
DA:3,0
DA:5,0
DA:10,0
DA:13,0
LF:6
LH:0
BRF:0
BRH:0
end_of_record
TN:
SF:src/domain/letter/dto/response/add.letter.ts
FNF:0
FNH:0
DA:1,0
DA:3,0
DA:6,0
LF:3
LH:0
BRF:0
BRH:0
end_of_record
TN:
SF:src/domain/letter/dto/response/get.detail.ts
FN:144,(anonymous_2)
FN:155,(anonymous_3)
FN:165,(anonymous_4)
FNF:3
FNH:0
FNDA:0,(anonymous_2)
FNDA:0,(anonymous_3)
FNDA:0,(anonymous_4)
DA:1,0
DA:9,0
DA:10,0
DA:19,0
DA:27,0
DA:35,0
DA:45,0
DA:53,0
DA:61,0
DA:69,0
DA:77,0
DA:85,0
DA:93,0
DA:103,0
DA:111,0
DA:119,0
DA:127,0
DA:130,0
DA:133,0
DA:137,0
DA:144,0
DA:146,0
DA:155,0
DA:156,0
DA:165,0
DA:166,0
LF:26
LH:0
BRF:0
BRH:0
end_of_record
TN:
SF:src/domain/letter/dto/response/get.page.ts
FN:64,(anonymous_2)
FNF:1
FNH:0
FNDA:0,(anonymous_2)
DA:1,0
DA:2,0
DA:3,0
DA:4,0
DA:21,0
DA:29,0
DA:38,0
DA:46,0
DA:49,0
DA:56,0
DA:64,0
DA:65,0
LF:12
LH:0
BRF:0
BRH:0
end_of_record
TN:
SF:src/domain/letter/dto/response/prepare.ts
FNF:0
FNH:0
DA:1,0
DA:2,0
DA:11,0
DA:19,0
DA:28,0
DA:37,0
DA:47,0
DA:55,0
DA:62,0
LF:9
LH:0
BRF:0
BRH:0
end_of_record
TN:
SF:src/domain/letter/service/letter.attachment.service.ts
FN:17,(anonymous_2)
FN:21,(anonymous_3)
FN:32,(anonymous_4)
FN:41,(anonymous_5)
FN:56,(anonymous_6)
FN:64,(anonymous_7)
FN:65,(anonymous_8)
FN:70,(anonymous_9)
FN:95,(anonymous_10)
FN:96,(anonymous_11)
FN:106,(anonymous_12)
FNF:11
FNH:11
FNDA:4,(anonymous_2)
FNDA:2,(anonymous_3)
FNDA:3,(anonymous_4)
FNDA:2,(anonymous_5)
FNDA:4,(anonymous_6)
FNDA:4,(anonymous_7)
FNDA:4,(anonymous_8)
FNDA:1,(anonymous_9)
FNDA:1,(anonymous_10)
FNDA:5,(anonymous_11)
FNDA:2,(anonymous_12)
DA:3,2
DA:9,2
DA:10,2
DA:15,2
DA:16,4
DA:17,4
DA:18,4
DA:26,2
DA:27,2
DA:28,2
DA:32,3
DA:34,1
DA:35,1
DA:38,1
DA:42,2
DA:56,2
DA:57,4
DA:62,2
DA:63,2
DA:64,4
DA:65,4
DA:67,2
DA:71,1
DA:86,1
DA:87,2
DA:95,1
DA:96,1
DA:97,5
DA:98,0
DA:112,2
DA:113,1
DA:117,1
DA:120,1
DA:130,1
LF:34
LH:33
BRDA:28,0,0,1
BRDA:29,1,0,2
BRDA:29,1,1,2
BRDA:29,1,2,2
BRDA:29,1,3,2
BRDA:64,2,0,4
BRDA:64,2,1,4
BRDA:97,3,0,0
BRDA:112,4,0,1
BRDA:112,5,0,2
BRDA:112,5,1,1
BRDA:125,6,0,1
BRDA:125,6,1,0
BRDA:126,7,0,1
BRDA:126,7,1,0
BRDA:127,8,0,1
BRDA:127,8,1,1
BRDA:128,9,0,1
BRDA:128,9,1,0
BRF:19
BRH:15
end_of_record
TN:
SF:src/domain/letter/service/letter.base.service.ts
FN:6,(anonymous_0)
FN:10,(anonymous_1)
FN:14,(anonymous_2)
FN:18,(anonymous_3)
FN:22,(anonymous_4)
FN:26,(anonymous_5)
FNF:6
FNH:6
FNDA:5,(anonymous_0)
FNDA:5,(anonymous_1)
FNDA:10,(anonymous_2)
FNDA:5,(anonymous_3)
FNDA:7,(anonymous_4)
FNDA:8,(anonymous_5)
DA:1,2
DA:2,2
DA:4,2
DA:7,5
DA:11,5
DA:15,10
DA:19,5
DA:21,8
DA:23,7
DA:28,8
DA:31,8
DA:32,8
DA:33,8
DA:34,8
LF:14
LH:14
BRF:0
BRH:0
end_of_record
TN:
SF:src/domain/letter/service/letter.service.ts
FN:25,(anonymous_2)
FN:35,(anonymous_3)
FN:46,(anonymous_4)
FN:57,(anonymous_5)
FN:64,(anonymous_6)
FN:67,(anonymous_7)
FN:77,(anonymous_8)
FN:89,(anonymous_9)
FN:139,(anonymous_10)
FN:190,(anonymous_11)
FNF:10
FNH:6
FNDA:4,(anonymous_2)
FNDA:1,(anonymous_3)
FNDA:2,(anonymous_4)
FNDA:0,(anonymous_5)
FNDA:0,(anonymous_6)
FNDA:0,(anonymous_7)
FNDA:0,(anonymous_8)
FNDA:1,(anonymous_9)
FNDA:2,(anonymous_10)
FNDA:2,(anonymous_11)
DA:1,1
DA:2,1
DA:3,1
DA:8,1
DA:10,1
DA:11,1
DA:12,1
DA:15,1
DA:16,1
DA:19,1
DA:20,1
DA:23,1
DA:24,4
DA:26,4
DA:27,4
DA:28,4
DA:29,4
DA:30,4
DA:32,4
DA:39,1
DA:44,1
DA:47,2
DA:60,0
DA:63,0
DA:64,0
DA:66,0
DA:67,0
DA:69,0
DA:77,0
DA:93,1
DA:94,1
DA:99,1
DA:104,1
DA:109,1
DA:110,1
DA:111,2
DA:119,1
DA:120,1
DA:129,1
DA:144,2
DA:149,2
DA:151,1
DA:153,1
DA:160,1
DA:191,2
LF:45
LH:38
BRDA:149,0,0,1
BRF:1
BRH:1
end_of_record
TN:
SF:src/domain/letter/transaction/insert.letter.ts
FN:27,(anonymous_0)
FN:35,(anonymous_1)
FN:58,(anonymous_2)
FN:68,(anonymous_3)
FN:87,(anonymous_4)
FN:98,(anonymous_5)
FN:114,(anonymous_6)
FN:123,(anonymous_7)
FNF:8
FNH:0
FNDA:0,(anonymous_0)
FNDA:0,(anonymous_1)
FNDA:0,(anonymous_2)
FNDA:0,(anonymous_3)
FNDA:0,(anonymous_4)
FNDA:0,(anonymous_5)
FNDA:0,(anonymous_6)
FNDA:0,(anonymous_7)
DA:9,1
DA:26,1
DA:28,0
DA:29,0
DA:30,0
DA:32,0
DA:46,0
DA:54,0
DA:59,0
DA:64,0
DA:68,0
DA:75,0
DA:81,0
DA:91,0
DA:95,0
DA:102,0
DA:106,0
DA:111,0
DA:123,0
DA:135,0
LF:20
LH:2
BRF:0
BRH:0
end_of_record
TN:
SF:src/domain/user/user.module.ts
FNF:0
FNH:0
DA:1,0
DA:2,0
DA:10,0
LF:3
LH:0
BRF:0
BRH:0
end_of_record
TN:
SF:src/domain/user/user.service.ts
FN:7,(anonymous_2)
FN:9,(anonymous_3)
FN:23,(anonymous_4)
FNF:3
FNH:3
FNDA:3,(anonymous_2)
FNDA:2,(anonymous_3)
FNDA:1,(anonymous_4)
DA:2,2
DA:3,2
DA:4,2
DA:6,2
DA:7,3
DA:13,2
DA:14,2
DA:19,2
DA:20,1
DA:24,1
DA:29,1
LF:11
LH:11
BRDA:14,0,0,2
BRDA:14,0,1,0
BRDA:16,1,0,0
BRDA:16,1,1,0
BRDA:19,2,0,1
BRF:5
BRH:2
end_of_record
TN:
SF:src/interceptor/response.validation.ts
FN:26,(anonymous_2)
FN:28,(anonymous_3)
FN:30,(anonymous_4)
FN:48,(anonymous_5)
FN:50,(anonymous_6)
FNF:5
FNH:0
FNDA:0,(anonymous_2)
FNDA:0,(anonymous_3)
FNDA:0,(anonymous_4)
FNDA:0,(anonymous_5)
FNDA:0,(anonymous_6)
DA:1,0
DA:8,0
DA:9,0
DA:11,0
DA:23,0
DA:26,0
DA:29,0
DA:31,0
DA:32,0
DA:33,0
DA:35,0
DA:36,0
DA:43,0
DA:49,0
DA:50,0
LF:15
LH:0
BRDA:31,0,0,0
BRDA:35,1,0,0
BRF:2
BRH:0
end_of_record
TN:
SF:src/jwt/user.ts
FNF:0
FNH:0
DA:1,0
LF:1
LH:0
BRF:0
BRH:0
end_of_record
TN:
SF:src/jwt/guard/user.guard.ts
FN:14,(anonymous_2)
FN:18,(anonymous_3)
FN:34,(anonymous_4)
FNF:3
FNH:0
FNDA:0,(anonymous_2)
FNDA:0,(anonymous_3)
FNDA:0,(anonymous_4)
DA:1,0
DA:7,0
DA:8,0
DA:12,0
DA:13,0
DA:14,0
DA:15,0
DA:19,0
DA:20,0
DA:21,0
DA:24,0
DA:25,0
DA:27,0
DA:28,0
DA:31,0
DA:35,0
DA:36,0
DA:38,0
DA:39,0
LF:19
LH:0
BRDA:20,0,0,0
BRDA:27,1,0,0
BRDA:36,2,0,0
BRDA:39,3,0,0
BRDA:39,3,1,0
BRF:5
BRH:0
end_of_record
TN:
SF:src/jwt/strategy/user.strategy.ts
FN:9,(anonymous_2)
FN:20,(anonymous_3)
FNF:2
FNH:0
FNDA:0,(anonymous_2)
FNDA:0,(anonymous_3)
DA:1,0
DA:2,0
DA:3,0
DA:4,0
DA:8,0
DA:10,0
DA:11,0
DA:13,0
DA:21,0
DA:22,0
DA:23,0
DA:25,0
LF:12
LH:0
BRDA:22,0,0,0
BRF:1
BRH:0
end_of_record
TN:
SF:src/redis/redis.client.service.ts
FN:6,(anonymous_2)
FN:11,(anonymous_3)
FN:25,(anonymous_4)
FN:36,(anonymous_5)
FN:40,(anonymous_6)
FN:45,(anonymous_7)
FNF:6
FNH:0
FNDA:0,(anonymous_2)
FNDA:0,(anonymous_3)
FNDA:0,(anonymous_4)
FNDA:0,(anonymous_5)
FNDA:0,(anonymous_6)
FNDA:0,(anonymous_7)
DA:1,1
DA:2,1
DA:5,1
DA:7,0
DA:8,0
DA:17,0
DA:18,0
DA:19,0
DA:21,0
DA:26,0
DA:27,0
DA:29,0
DA:30,0
DA:32,0
DA:37,0
DA:41,0
DA:42,0
DA:46,0
LF:18
LH:3
BRDA:17,0,0,0
BRDA:17,0,1,0
BRDA:18,1,0,0
BRDA:18,1,1,0
BRDA:27,2,0,0
BRF:5
BRH:0
end_of_record
TN:
SF:src/redis/redis.module.ts
FN:17,(anonymous_1)
FN:20,(anonymous_2)
FN:34,(anonymous_3)
FNF:3
FNH:0
FNDA:0,(anonymous_1)
FNDA:0,(anonymous_2)
FNDA:0,(anonymous_3)
DA:1,0
DA:2,0
DA:3,0
DA:5,0
DA:16,0
DA:18,0
DA:21,0
DA:22,0
DA:27,0
DA:35,0
LF:10
LH:0
BRDA:24,0,0,0
BRDA:24,0,1,0
BRDA:29,1,0,0
BRDA:29,1,1,0
BRDA:40,2,0,0
BRDA:40,2,1,0
BRF:6
BRH:0
end_of_record
TN:
SF:src/storage/storage.module.ts
FNF:0
FNH:0
DA:1,0
DA:2,0
DA:9,0
LF:3
LH:0
BRF:0
BRH:0
end_of_record
TN:
SF:src/storage/storage.service.ts
FN:16,(anonymous_2)
FN:28,(anonymous_3)
FN:43,(anonymous_4)
FN:57,(anonymous_5)
FN:76,(anonymous_6)
FNF:5
FNH:0
FNDA:0,(anonymous_2)
FNDA:0,(anonymous_3)
FNDA:0,(anonymous_4)
FNDA:0,(anonymous_5)
FNDA:0,(anonymous_6)
DA:1,2
DA:2,2
DA:3,2
DA:10,2
DA:13,2
DA:16,0
DA:17,0
DA:33,0
DA:38,0
DA:48,0
DA:52,0
DA:61,0
DA:65,0
DA:66,0
DA:67,0
DA:69,0
DA:70,0
DA:72,0
DA:77,0
DA:81,0
DA:82,0
DA:84,0
DA:85,0
LF:23
LH:5
BRDA:69,0,0,0
BRDA:84,1,0,0
BRF:2
BRH:0
end_of_record
TN:
SF:src/util/attachment.ts
FN:11,(anonymous_0)
FNF:1
FNH:0
FNDA:0,(anonymous_0)
DA:1,5
DA:11,5
DA:12,0
LF:3
LH:2
BRDA:12,0,0,0
BRDA:12,0,1,0
BRDA:14,1,0,0
BRDA:14,1,1,0
BRDA:16,2,0,0
BRDA:16,2,1,0
BRDA:18,3,0,0
BRDA:18,3,1,0
BRF:8
BRH:0
end_of_record
TN:
SF:src/util/category.ts
FN:43,getCategoryFromCode
FN:47,getCodeFromCategory
FNF:2
FNH:0
FNDA:0,getCategoryFromCode
FNDA:0,getCodeFromCategory
DA:1,4
DA:13,4
DA:25,4
DA:34,4
DA:43,4
DA:44,0
DA:47,4
DA:50,0
LF:8
LH:6
BRF:0
BRH:0
end_of_record
TN:
SF:src/util/random.ts
FN:1,(anonymous_0)
FNF:1
FNH:1
FNDA:1,(anonymous_0)
DA:1,2
DA:3,1
DA:4,1
DA:5,1
DA:6,5
DA:8,1
LF:6
LH:6
BRDA:1,0,0,0
BRF:1
BRH:0
end_of_record
TN:
SF:src/util/yn.ts
FN:8,(anonymous_0)
FNF:1
FNH:1
FNDA:2,(anonymous_0)
DA:1,4
DA:8,4
DA:9,2
LF:3
LH:3
BRDA:9,0,0,1
BRDA:9,0,1,1
BRF:2
BRH:2
end_of_record
